<?xml version="1.0" encoding="UTF-8"?>
<testsuite name="org.apache.ofbiz.common.GetLocaleListTests" tests="3" skipped="0" failures="0" errors="0" timestamp="2020-03-06T11:08:33" hostname="LAPTOP-FHJVNB38" time="6.699">
  <properties/>
  <testcase name="frenchLocaleName" classname="org.apache.ofbiz.common.GetLocaleListTests" time="5.71"/>
  <testcase name="frenchLocaleString" classname="org.apache.ofbiz.common.GetLocaleListTests" time="0.527"/>
  <testcase name="frenchNoDuplicates" classname="org.apache.ofbiz.common.GetLocaleListTests" time="0.456"/>
  <system-out><![CDATA[2020-03-06 16:38:34,160 |Test worker          |ComponentLocationResolver     |E| Could not get root location for component with name [base], error was: org.apache.ofbiz.base.component.ComponentException: No component found named : base
org.apache.ofbiz.base.component.ComponentException: No component found named : base
	at org.apache.ofbiz.base.component.ComponentConfig.getComponentConfig(ComponentConfig.java:258) ~[main/:?]
	at org.apache.ofbiz.base.component.ComponentConfig.getComponentConfig(ComponentConfig.java:239) ~[main/:?]
	at org.apache.ofbiz.base.component.ComponentConfig.getRootLocation(ComponentConfig.java:286) ~[main/:?]
	at org.apache.ofbiz.base.location.ComponentLocationResolver.getBaseLocation(ComponentLocationResolver.java:67) [main/:?]
	at org.apache.ofbiz.base.location.ComponentLocationResolver.resolveLocation(ComponentLocationResolver.java:41) [main/:?]
	at org.apache.ofbiz.base.location.FlexibleLocation.resolveLocation(FlexibleLocation.java:117) [main/:?]
	at org.apache.ofbiz.base.location.FlexibleLocation.resolveLocation(FlexibleLocation.java:103) [main/:?]
	at org.apache.ofbiz.base.util.GroovyUtil.getScriptClassFromLocation(GroovyUtil.java:154) [main/:?]
	at org.apache.ofbiz.base.util.GroovyUtil.runScriptAtLocation(GroovyUtil.java:206) [main/:?]
	at org.apache.ofbiz.base.util.GroovyUtil.<clinit>(GroovyUtil.java:66) [main/:?]
	at org.apache.ofbiz.common.GetLocaleListTests.runScript(GetLocaleListTests.java:51) [test/:?]
	at org.apache.ofbiz.common.GetLocaleListTests.frenchLocaleName(GetLocaleListTests.java:64) [test/:?]
	at sun.reflect.NativeMethodAccessorImpl.invoke0(Native Method) ~[?:1.8.0_231]
	at sun.reflect.NativeMethodAccessorImpl.invoke(NativeMethodAccessorImpl.java:62) ~[?:1.8.0_231]
	at sun.reflect.DelegatingMethodAccessorImpl.invoke(DelegatingMethodAccessorImpl.java:43) ~[?:1.8.0_231]
	at java.lang.reflect.Method.invoke(Method.java:498) ~[?:1.8.0_231]
	at org.junit.runners.model.FrameworkMethod$1.runReflectiveCall(FrameworkMethod.java:47) [junit-4.11.jar:?]
	at org.junit.internal.runners.model.ReflectiveCallable.run(ReflectiveCallable.java:12) [junit-4.11.jar:?]
	at org.junit.runners.model.FrameworkMethod.invokeExplosively(FrameworkMethod.java:44) [junit-4.11.jar:?]
	at org.junit.internal.runners.statements.InvokeMethod.evaluate(InvokeMethod.java:17) [junit-4.11.jar:?]
	at org.junit.internal.runners.statements.RunBefores.evaluate(RunBefores.java:26) [junit-4.11.jar:?]
	at org.junit.runners.ParentRunner.runLeaf(ParentRunner.java:271) [junit-4.11.jar:?]
	at org.junit.runners.BlockJUnit4ClassRunner.runChild(BlockJUnit4ClassRunner.java:70) [junit-4.11.jar:?]
	at org.junit.runners.BlockJUnit4ClassRunner.runChild(BlockJUnit4ClassRunner.java:50) [junit-4.11.jar:?]
	at org.junit.runners.ParentRunner$3.run(ParentRunner.java:238) [junit-4.11.jar:?]
	at org.junit.runners.ParentRunner$1.schedule(ParentRunner.java:63) [junit-4.11.jar:?]
	at org.junit.runners.ParentRunner.runChildren(ParentRunner.java:236) [junit-4.11.jar:?]
	at org.junit.runners.ParentRunner.access$000(ParentRunner.java:53) [junit-4.11.jar:?]
	at org.junit.runners.ParentRunner$2.evaluate(ParentRunner.java:229) [junit-4.11.jar:?]
	at org.junit.runners.ParentRunner.run(ParentRunner.java:309) [junit-4.11.jar:?]
	at org.gradle.api.internal.tasks.testing.junit.JUnitTestClassExecuter.runTestClass(JUnitTestClassExecuter.java:114) [gradle-testing-jvm-3.2.1.jar:3.2.1]
	at org.gradle.api.internal.tasks.testing.junit.JUnitTestClassExecuter.execute(JUnitTestClassExecuter.java:57) [gradle-testing-jvm-3.2.1.jar:3.2.1]
	at org.gradle.api.internal.tasks.testing.junit.JUnitTestClassProcessor.processTestClass(JUnitTestClassProcessor.java:66) [gradle-testing-jvm-3.2.1.jar:3.2.1]
	at org.gradle.api.internal.tasks.testing.SuiteTestClassProcessor.processTestClass(SuiteTestClassProcessor.java:51) [gradle-testing-base-3.2.1.jar:3.2.1]
	at sun.reflect.NativeMethodAccessorImpl.invoke0(Native Method) ~[?:1.8.0_231]
	at sun.reflect.NativeMethodAccessorImpl.invoke(NativeMethodAccessorImpl.java:62) ~[?:1.8.0_231]
	at sun.reflect.DelegatingMethodAccessorImpl.invoke(DelegatingMethodAccessorImpl.java:43) ~[?:1.8.0_231]
	at java.lang.reflect.Method.invoke(Method.java:498) ~[?:1.8.0_231]
	at org.gradle.internal.dispatch.ReflectionDispatch.dispatch(ReflectionDispatch.java:35) [gradle-messaging-3.2.1.jar:3.2.1]
	at org.gradle.internal.dispatch.ReflectionDispatch.dispatch(ReflectionDispatch.java:24) [gradle-messaging-3.2.1.jar:3.2.1]
	at org.gradle.internal.dispatch.ContextClassLoaderDispatch.dispatch(ContextClassLoaderDispatch.java:32) [gradle-messaging-3.2.1.jar:3.2.1]
	at org.gradle.internal.dispatch.ProxyDispatchAdapter$DispatchingInvocationHandler.invoke(ProxyDispatchAdapter.java:93) [gradle-messaging-3.2.1.jar:3.2.1]
	at com.sun.proxy.$Proxy2.processTestClass(Unknown Source) [?:?]
	at org.gradle.api.internal.tasks.testing.worker.TestWorker.processTestClass(TestWorker.java:109) [gradle-testing-base-3.2.1.jar:3.2.1]
	at sun.reflect.NativeMethodAccessorImpl.invoke0(Native Method) ~[?:1.8.0_231]
	at sun.reflect.NativeMethodAccessorImpl.invoke(NativeMethodAccessorImpl.java:62) ~[?:1.8.0_231]
	at sun.reflect.DelegatingMethodAccessorImpl.invoke(DelegatingMethodAccessorImpl.java:43) ~[?:1.8.0_231]
	at java.lang.reflect.Method.invoke(Method.java:498) ~[?:1.8.0_231]
	at org.gradle.internal.dispatch.ReflectionDispatch.dispatch(ReflectionDispatch.java:35) [gradle-messaging-3.2.1.jar:3.2.1]
	at org.gradle.internal.dispatch.ReflectionDispatch.dispatch(ReflectionDispatch.java:24) [gradle-messaging-3.2.1.jar:3.2.1]
	at org.gradle.internal.remote.internal.hub.MessageHub$Handler.run(MessageHub.java:377) [gradle-messaging-3.2.1.jar:3.2.1]
	at org.gradle.internal.concurrent.ExecutorPolicy$CatchAndRecordFailures.onExecute(ExecutorPolicy.java:54) [gradle-base-services-3.2.1.jar:3.2.1]
	at org.gradle.internal.concurrent.StoppableExecutorImpl$1.run(StoppableExecutorImpl.java:40) [gradle-base-services-3.2.1.jar:3.2.1]
	at java.util.concurrent.ThreadPoolExecutor.runWorker(ThreadPoolExecutor.java:1149) [?:1.8.0_231]
	at java.util.concurrent.ThreadPoolExecutor$Worker.run(ThreadPoolExecutor.java:624) [?:1.8.0_231]
	at java.lang.Thread.run(Thread.java:748) [?:1.8.0_231]
2020-03-06 16:38:34,179 |Test worker          |GroovyUtil                    |W| The following error occurred during the initialization of Groovy: Error loading Groovy script at [component://base/config/GroovyInit.groovy]:  (Could not get root location for component with name [base], error was: org.apache.ofbiz.base.component.ComponentException: No component found named : base)
2020-03-06 16:38:34,195 |Test worker          |ScriptUtil                    |I| The following 2 scripting engines were found:
2020-03-06 16:38:34,195 |Test worker          |ScriptUtil                    |I| Engine name: Groovy Scripting Engine
2020-03-06 16:38:34,195 |Test worker          |ScriptUtil                    |I|   Version: 2.0
2020-03-06 16:38:34,195 |Test worker          |ScriptUtil                    |I|   Language: Groovy
2020-03-06 16:38:34,195 |Test worker          |ScriptUtil                    |I|   Engine supports the following extensions:
2020-03-06 16:38:34,196 |Test worker          |ScriptUtil                    |I|     groovy
2020-03-06 16:38:34,196 |Test worker          |ScriptUtil                    |I|   Engine has the following short names:
2020-03-06 16:38:34,196 |Test worker          |ScriptUtil                    |I|     groovy
2020-03-06 16:38:34,196 |Test worker          |ScriptUtil                    |I|     Groovy
2020-03-06 16:38:34,196 |Test worker          |ScriptUtil                    |I| Engine name: Oracle Nashorn
2020-03-06 16:38:34,199 |Test worker          |ScriptUtil                    |I|   Version: 1.8.0_231
2020-03-06 16:38:34,200 |Test worker          |ScriptUtil                    |I|   Language: ECMAScript
2020-03-06 16:38:34,200 |Test worker          |ScriptUtil                    |I|   Engine supports the following extensions:
2020-03-06 16:38:34,200 |Test worker          |ScriptUtil                    |I|     js
2020-03-06 16:38:34,200 |Test worker          |ScriptUtil                    |I|   Engine has the following short names:
2020-03-06 16:38:34,200 |Test worker          |ScriptUtil                    |I|     nashorn
2020-03-06 16:38:34,200 |Test worker          |ScriptUtil                    |I|     Nashorn
2020-03-06 16:38:34,200 |Test worker          |ScriptUtil                    |I|     js
2020-03-06 16:38:34,201 |Test worker          |ScriptUtil                    |I|     JS
2020-03-06 16:38:34,202 |Test worker          |ScriptUtil                    |I|     JavaScript
2020-03-06 16:38:34,202 |Test worker          |ScriptUtil                    |I|     javascript
2020-03-06 16:38:34,202 |Test worker          |ScriptUtil                    |I|     ECMAScript
2020-03-06 16:38:34,202 |Test worker          |ScriptUtil                    |I|     ecmascript
]]></system-out>
  <system-err><![CDATA[]]></system-err>
</testsuite>
