<!DOCTYPE html>
<html>
<head>
<meta http-equiv="Content-Type" content="text/html; charset=utf-8"/>
<meta http-equiv="x-ua-compatible" content="IE=edge"/>
<title>Test results - Class org.apache.ofbiz.common.GetLocaleListTests</title>
<link href="../css/base-style.css" rel="stylesheet" type="text/css"/>
<link href="../css/style.css" rel="stylesheet" type="text/css"/>
<script src="../js/report.js" type="text/javascript"></script>
</head>
<body>
<div id="content">
<h1>Class org.apache.ofbiz.common.GetLocaleListTests</h1>
<div class="breadcrumbs">
<a href="../index.html">all</a> &gt; 
<a href="../packages/org.apache.ofbiz.common.html">org.apache.ofbiz.common</a> &gt; GetLocaleListTests</div>
<div id="summary">
<table>
<tr>
<td>
<div class="summaryGroup">
<table>
<tr>
<td>
<div class="infoBox" id="tests">
<div class="counter">3</div>
<p>tests</p>
</div>
</td>
<td>
<div class="infoBox" id="failures">
<div class="counter">0</div>
<p>failures</p>
</div>
</td>
<td>
<div class="infoBox" id="ignored">
<div class="counter">0</div>
<p>ignored</p>
</div>
</td>
<td>
<div class="infoBox" id="duration">
<div class="counter">6.693s</div>
<p>duration</p>
</div>
</td>
</tr>
</table>
</div>
</td>
<td>
<div class="infoBox success" id="successRate">
<div class="percent">100%</div>
<p>successful</p>
</div>
</td>
</tr>
</table>
</div>
<div id="tabs">
<ul class="tabLinks">
<li>
<a href="#tab0">Tests</a>
</li>
<li>
<a href="#tab1">Standard output</a>
</li>
</ul>
<div id="tab0" class="tab">
<h2>Tests</h2>
<table>
<thead>
<tr>
<th>Test</th>
<th>Duration</th>
<th>Result</th>
</tr>
</thead>
<tr>
<td class="success">frenchLocaleName</td>
<td>5.710s</td>
<td class="success">passed</td>
</tr>
<tr>
<td class="success">frenchLocaleString</td>
<td>0.527s</td>
<td class="success">passed</td>
</tr>
<tr>
<td class="success">frenchNoDuplicates</td>
<td>0.456s</td>
<td class="success">passed</td>
</tr>
</table>
</div>
<div id="tab1" class="tab">
<h2>Standard output</h2>
<span class="code">
<pre>2020-03-06 16:38:34,160 |Test worker          |ComponentLocationResolver     |E| Could not get root location for component with name [base], error was: org.apache.ofbiz.base.component.ComponentException: No component found named : base
org.apache.ofbiz.base.component.ComponentException: No component found named : base
	at org.apache.ofbiz.base.component.ComponentConfig.getComponentConfig(ComponentConfig.java:258) ~[main/:?]
	at org.apache.ofbiz.base.component.ComponentConfig.getComponentConfig(ComponentConfig.java:239) ~[main/:?]
	at org.apache.ofbiz.base.component.ComponentConfig.getRootLocation(ComponentConfig.java:286) ~[main/:?]
	at org.apache.ofbiz.base.location.ComponentLocationResolver.getBaseLocation(ComponentLocationResolver.java:67) [main/:?]
	at org.apache.ofbiz.base.location.ComponentLocationResolver.resolveLocation(ComponentLocationResolver.java:41) [main/:?]
	at org.apache.ofbiz.base.location.FlexibleLocation.resolveLocation(FlexibleLocation.java:117) [main/:?]
	at org.apache.ofbiz.base.location.FlexibleLocation.resolveLocation(FlexibleLocation.java:103) [main/:?]
	at org.apache.ofbiz.base.util.GroovyUtil.getScriptClassFromLocation(GroovyUtil.java:154) [main/:?]
	at org.apache.ofbiz.base.util.GroovyUtil.runScriptAtLocation(GroovyUtil.java:206) [main/:?]
	at org.apache.ofbiz.base.util.GroovyUtil.&lt;clinit&gt;(GroovyUtil.java:66) [main/:?]
	at org.apache.ofbiz.common.GetLocaleListTests.runScript(GetLocaleListTests.java:51) [test/:?]
	at org.apache.ofbiz.common.GetLocaleListTests.frenchLocaleName(GetLocaleListTests.java:64) [test/:?]
	at sun.reflect.NativeMethodAccessorImpl.invoke0(Native Method) ~[?:1.8.0_231]
	at sun.reflect.NativeMethodAccessorImpl.invoke(NativeMethodAccessorImpl.java:62) ~[?:1.8.0_231]
	at sun.reflect.DelegatingMethodAccessorImpl.invoke(DelegatingMethodAccessorImpl.java:43) ~[?:1.8.0_231]
	at java.lang.reflect.Method.invoke(Method.java:498) ~[?:1.8.0_231]
	at org.junit.runners.model.FrameworkMethod$1.runReflectiveCall(FrameworkMethod.java:47) [junit-4.11.jar:?]
	at org.junit.internal.runners.model.ReflectiveCallable.run(ReflectiveCallable.java:12) [junit-4.11.jar:?]
	at org.junit.runners.model.FrameworkMethod.invokeExplosively(FrameworkMethod.java:44) [junit-4.11.jar:?]
	at org.junit.internal.runners.statements.InvokeMethod.evaluate(InvokeMethod.java:17) [junit-4.11.jar:?]
	at org.junit.internal.runners.statements.RunBefores.evaluate(RunBefores.java:26) [junit-4.11.jar:?]
	at org.junit.runners.ParentRunner.runLeaf(ParentRunner.java:271) [junit-4.11.jar:?]
	at org.junit.runners.BlockJUnit4ClassRunner.runChild(BlockJUnit4ClassRunner.java:70) [junit-4.11.jar:?]
	at org.junit.runners.BlockJUnit4ClassRunner.runChild(BlockJUnit4ClassRunner.java:50) [junit-4.11.jar:?]
	at org.junit.runners.ParentRunner$3.run(ParentRunner.java:238) [junit-4.11.jar:?]
	at org.junit.runners.ParentRunner$1.schedule(ParentRunner.java:63) [junit-4.11.jar:?]
	at org.junit.runners.ParentRunner.runChildren(ParentRunner.java:236) [junit-4.11.jar:?]
	at org.junit.runners.ParentRunner.access$000(ParentRunner.java:53) [junit-4.11.jar:?]
	at org.junit.runners.ParentRunner$2.evaluate(ParentRunner.java:229) [junit-4.11.jar:?]
	at org.junit.runners.ParentRunner.run(ParentRunner.java:309) [junit-4.11.jar:?]
	at org.gradle.api.internal.tasks.testing.junit.JUnitTestClassExecuter.runTestClass(JUnitTestClassExecuter.java:114) [gradle-testing-jvm-3.2.1.jar:3.2.1]
	at org.gradle.api.internal.tasks.testing.junit.JUnitTestClassExecuter.execute(JUnitTestClassExecuter.java:57) [gradle-testing-jvm-3.2.1.jar:3.2.1]
	at org.gradle.api.internal.tasks.testing.junit.JUnitTestClassProcessor.processTestClass(JUnitTestClassProcessor.java:66) [gradle-testing-jvm-3.2.1.jar:3.2.1]
	at org.gradle.api.internal.tasks.testing.SuiteTestClassProcessor.processTestClass(SuiteTestClassProcessor.java:51) [gradle-testing-base-3.2.1.jar:3.2.1]
	at sun.reflect.NativeMethodAccessorImpl.invoke0(Native Method) ~[?:1.8.0_231]
	at sun.reflect.NativeMethodAccessorImpl.invoke(NativeMethodAccessorImpl.java:62) ~[?:1.8.0_231]
	at sun.reflect.DelegatingMethodAccessorImpl.invoke(DelegatingMethodAccessorImpl.java:43) ~[?:1.8.0_231]
	at java.lang.reflect.Method.invoke(Method.java:498) ~[?:1.8.0_231]
	at org.gradle.internal.dispatch.ReflectionDispatch.dispatch(ReflectionDispatch.java:35) [gradle-messaging-3.2.1.jar:3.2.1]
	at org.gradle.internal.dispatch.ReflectionDispatch.dispatch(ReflectionDispatch.java:24) [gradle-messaging-3.2.1.jar:3.2.1]
	at org.gradle.internal.dispatch.ContextClassLoaderDispatch.dispatch(ContextClassLoaderDispatch.java:32) [gradle-messaging-3.2.1.jar:3.2.1]
	at org.gradle.internal.dispatch.ProxyDispatchAdapter$DispatchingInvocationHandler.invoke(ProxyDispatchAdapter.java:93) [gradle-messaging-3.2.1.jar:3.2.1]
	at com.sun.proxy.$Proxy2.processTestClass(Unknown Source) [?:?]
	at org.gradle.api.internal.tasks.testing.worker.TestWorker.processTestClass(TestWorker.java:109) [gradle-testing-base-3.2.1.jar:3.2.1]
	at sun.reflect.NativeMethodAccessorImpl.invoke0(Native Method) ~[?:1.8.0_231]
	at sun.reflect.NativeMethodAccessorImpl.invoke(NativeMethodAccessorImpl.java:62) ~[?:1.8.0_231]
	at sun.reflect.DelegatingMethodAccessorImpl.invoke(DelegatingMethodAccessorImpl.java:43) ~[?:1.8.0_231]
	at java.lang.reflect.Method.invoke(Method.java:498) ~[?:1.8.0_231]
	at org.gradle.internal.dispatch.ReflectionDispatch.dispatch(ReflectionDispatch.java:35) [gradle-messaging-3.2.1.jar:3.2.1]
	at org.gradle.internal.dispatch.ReflectionDispatch.dispatch(ReflectionDispatch.java:24) [gradle-messaging-3.2.1.jar:3.2.1]
	at org.gradle.internal.remote.internal.hub.MessageHub$Handler.run(MessageHub.java:377) [gradle-messaging-3.2.1.jar:3.2.1]
	at org.gradle.internal.concurrent.ExecutorPolicy$CatchAndRecordFailures.onExecute(ExecutorPolicy.java:54) [gradle-base-services-3.2.1.jar:3.2.1]
	at org.gradle.internal.concurrent.StoppableExecutorImpl$1.run(StoppableExecutorImpl.java:40) [gradle-base-services-3.2.1.jar:3.2.1]
	at java.util.concurrent.ThreadPoolExecutor.runWorker(ThreadPoolExecutor.java:1149) [?:1.8.0_231]
	at java.util.concurrent.ThreadPoolExecutor$Worker.run(ThreadPoolExecutor.java:624) [?:1.8.0_231]
	at java.lang.Thread.run(Thread.java:748) [?:1.8.0_231]
2020-03-06 16:38:34,179 |Test worker          |GroovyUtil                    |W| The following error occurred during the initialization of Groovy: Error loading Groovy script at [component://base/config/GroovyInit.groovy]:  (Could not get root location for component with name [base], error was: org.apache.ofbiz.base.component.ComponentException: No component found named : base)
2020-03-06 16:38:34,195 |Test worker          |ScriptUtil                    |I| The following 2 scripting engines were found:
2020-03-06 16:38:34,195 |Test worker          |ScriptUtil                    |I| Engine name: Groovy Scripting Engine
2020-03-06 16:38:34,195 |Test worker          |ScriptUtil                    |I|   Version: 2.0
2020-03-06 16:38:34,195 |Test worker          |ScriptUtil                    |I|   Language: Groovy
2020-03-06 16:38:34,195 |Test worker          |ScriptUtil                    |I|   Engine supports the following extensions:
2020-03-06 16:38:34,196 |Test worker          |ScriptUtil                    |I|     groovy
2020-03-06 16:38:34,196 |Test worker          |ScriptUtil                    |I|   Engine has the following short names:
2020-03-06 16:38:34,196 |Test worker          |ScriptUtil                    |I|     groovy
2020-03-06 16:38:34,196 |Test worker          |ScriptUtil                    |I|     Groovy
2020-03-06 16:38:34,196 |Test worker          |ScriptUtil                    |I| Engine name: Oracle Nashorn
2020-03-06 16:38:34,199 |Test worker          |ScriptUtil                    |I|   Version: 1.8.0_231
2020-03-06 16:38:34,200 |Test worker          |ScriptUtil                    |I|   Language: ECMAScript
2020-03-06 16:38:34,200 |Test worker          |ScriptUtil                    |I|   Engine supports the following extensions:
2020-03-06 16:38:34,200 |Test worker          |ScriptUtil                    |I|     js
2020-03-06 16:38:34,200 |Test worker          |ScriptUtil                    |I|   Engine has the following short names:
2020-03-06 16:38:34,200 |Test worker          |ScriptUtil                    |I|     nashorn
2020-03-06 16:38:34,200 |Test worker          |ScriptUtil                    |I|     Nashorn
2020-03-06 16:38:34,200 |Test worker          |ScriptUtil                    |I|     js
2020-03-06 16:38:34,201 |Test worker          |ScriptUtil                    |I|     JS
2020-03-06 16:38:34,202 |Test worker          |ScriptUtil                    |I|     JavaScript
2020-03-06 16:38:34,202 |Test worker          |ScriptUtil                    |I|     javascript
2020-03-06 16:38:34,202 |Test worker          |ScriptUtil                    |I|     ECMAScript
2020-03-06 16:38:34,202 |Test worker          |ScriptUtil                    |I|     ecmascript
</pre>
</span>
</div>
</div>
<div id="footer">
<p>
<div>
<label class="hidden" id="label-for-line-wrapping-toggle" for="line-wrapping-toggle">Wrap lines
<input id="line-wrapping-toggle" type="checkbox" autocomplete="off"/>
</label>
</div>Generated by 
<a href="http://www.gradle.org">Gradle 3.2.1</a> at 6 Mar, 2020 4:39:09 PM</p>
</div>
</div>
</body>
</html>
